{
  "uid" : "1a0c614c8ff05e5d",
  "name" : "test_user_add",
  "fullName" : "test_case.test_002_user_add.Test_User_add#test_user_add",
  "historyId" : "84039d43224d4034e83312c8ca354a99",
  "time" : {
    "start" : 1663559799027,
    "stop" : 1663559814260,
    "duration" : 15233
  },
  "description" : "正常添加用户",
  "descriptionHtml" : "<p>正常添加用户</p>\n",
  "status" : "failed",
  "statusMessage" : "AssertionError: assert <selenium.webdriver.remote.webelement.WebElement (session=\"6fcb26a0b1b02e4a5c477542b76602f3\", element=\"9f22566f-3a09-4d6d-82f6-76a9de503563\")> == '添加用户成功'",
  "statusTrace" : "self = <test_case.test_002_user_add.Test_User_add object at 0x0000000003927EB0>\n\n    @allure.story(\"正常添加用户\")\n    @allure.severity(allure.severity_level.NORMAL)\n    def test_user_add(self):\n        \"\"\"正常添加用户\"\"\"\n        Logger().info(\"user add success\")\n        try:\n            self.user_add.user_add(username, password, email)\n        except NoSuchElementException:\n            Logger().error(\"user_add no find element\")\n        text = User_Add_Page_Locator().user_add_succee()\n>       assert text == \"添加用户成功\"\nE       assert <selenium.webdriver.remote.webelement.WebElement (session=\"6fcb26a0b1b02e4a5c477542b76602f3\", element=\"9f22566f-3a09-4d6d-82f6-76a9de503563\")> == '添加用户成功'\n\ntest_case\\test_002_user_add.py:43: AssertionError",
  "flaky" : false,
  "newFailed" : false,
  "newBroken" : false,
  "newPassed" : false,
  "retriesCount" : 0,
  "retriesStatusChange" : false,
  "beforeStages" : [ {
    "name" : "start_driver",
    "time" : {
      "start" : 1663559782453,
      "stop" : 1663559788851,
      "duration" : 6398
    },
    "status" : "passed",
    "steps" : [ ],
    "attachments" : [ ],
    "parameters" : [ ],
    "stepsCount" : 0,
    "hasContent" : false,
    "attachmentsCount" : 0,
    "shouldDisplayMessage" : false
  }, {
    "name" : "_xunit_setup_class_fixture_Test_User_add",
    "time" : {
      "start" : 1663559799027,
      "stop" : 1663559799027,
      "duration" : 0
    },
    "status" : "passed",
    "steps" : [ ],
    "attachments" : [ ],
    "parameters" : [ ],
    "stepsCount" : 0,
    "hasContent" : false,
    "attachmentsCount" : 0,
    "shouldDisplayMessage" : false
  } ],
  "testStage" : {
    "description" : "正常添加用户",
    "status" : "failed",
    "statusMessage" : "AssertionError: assert <selenium.webdriver.remote.webelement.WebElement (session=\"6fcb26a0b1b02e4a5c477542b76602f3\", element=\"9f22566f-3a09-4d6d-82f6-76a9de503563\")> == '添加用户成功'",
    "statusTrace" : "self = <test_case.test_002_user_add.Test_User_add object at 0x0000000003927EB0>\n\n    @allure.story(\"正常添加用户\")\n    @allure.severity(allure.severity_level.NORMAL)\n    def test_user_add(self):\n        \"\"\"正常添加用户\"\"\"\n        Logger().info(\"user add success\")\n        try:\n            self.user_add.user_add(username, password, email)\n        except NoSuchElementException:\n            Logger().error(\"user_add no find element\")\n        text = User_Add_Page_Locator().user_add_succee()\n>       assert text == \"添加用户成功\"\nE       assert <selenium.webdriver.remote.webelement.WebElement (session=\"6fcb26a0b1b02e4a5c477542b76602f3\", element=\"9f22566f-3a09-4d6d-82f6-76a9de503563\")> == '添加用户成功'\n\ntest_case\\test_002_user_add.py:43: AssertionError",
    "steps" : [ ],
    "attachments" : [ {
      "uid" : "37b179107de121a2",
      "name" : "log",
      "source" : "37b179107de121a2.txt",
      "type" : "text/plain",
      "size" : 69
    } ],
    "parameters" : [ ],
    "stepsCount" : 0,
    "hasContent" : true,
    "attachmentsCount" : 1,
    "shouldDisplayMessage" : true
  },
  "afterStages" : [ {
    "name" : "_xunit_setup_class_fixture_Test_User_add::0",
    "time" : {
      "start" : 1663559815860,
      "stop" : 1663559816032,
      "duration" : 172
    },
    "status" : "passed",
    "steps" : [ ],
    "attachments" : [ ],
    "parameters" : [ ],
    "stepsCount" : 0,
    "hasContent" : false,
    "attachmentsCount" : 0,
    "shouldDisplayMessage" : false
  }, {
    "name" : "start_driver::0",
    "time" : {
      "start" : 1663559816052,
      "stop" : 1663559818266,
      "duration" : 2214
    },
    "status" : "passed",
    "steps" : [ ],
    "attachments" : [ ],
    "parameters" : [ ],
    "stepsCount" : 0,
    "hasContent" : false,
    "attachmentsCount" : 0,
    "shouldDisplayMessage" : false
  } ],
  "labels" : [ {
    "name" : "story",
    "value" : "正常添加用户"
  }, {
    "name" : "suite",
    "value" : "用户列表添加用户测试用例"
  }, {
    "name" : "severity",
    "value" : "normal"
  }, {
    "name" : "parentSuite",
    "value" : "test_case"
  }, {
    "name" : "subSuite",
    "value" : "Test_User_add"
  }, {
    "name" : "host",
    "value" : "PC-201903070025"
  }, {
    "name" : "thread",
    "value" : "5896-MainThread"
  }, {
    "name" : "framework",
    "value" : "pytest"
  }, {
    "name" : "language",
    "value" : "cpython3"
  }, {
    "name" : "package",
    "value" : "test_case.test_002_user_add"
  }, {
    "name" : "resultFormat",
    "value" : "allure2"
  } ],
  "parameters" : [ ],
  "links" : [ ],
  "hidden" : true,
  "retry" : true,
  "extra" : {
    "categories" : [ ],
    "tags" : [ ]
  },
  "source" : "1a0c614c8ff05e5d.json",
  "parameterValues" : [ ]
}