{
  "uid" : "3ffb4989370f6883",
  "name" : "test_user_add",
  "fullName" : "test_case.test_002_user_add.Test_User_add#test_user_add",
  "historyId" : "84039d43224d4034e83312c8ca354a99",
  "time" : {
    "start" : 1663213543413,
    "stop" : 1663213543413,
    "duration" : 0
  },
  "description" : "正常添加用户",
  "descriptionHtml" : "<p>正常添加用户</p>\n",
  "status" : "broken",
  "statusMessage" : "selenium.common.exceptions.NoSuchElementException: Message: no such element: Unable to locate element: {\"method\":\"xpath\",\"selector\":\"//input[@placeholder=\"请输入用户名\"]\"}\n  (Session info: chrome=105.0.5195.102)\nStacktrace:\nBacktrace:\n\tOrdinal0 [0x005DAF23+2207523]\n\tOrdinal0 [0x005730E1+1781985]\n\tOrdinal0 [0x00483FE8+802792]\n\tOrdinal0 [0x004B2290+991888]\n\tOrdinal0 [0x004B252B+992555]\n\tOrdinal0 [0x004DF6E2+1177314]\n\tOrdinal0 [0x004CD634+1103412]\n\tOrdinal0 [0x004DD9F2+1169906]\n\tOrdinal0 [0x004CD406+1102854]\n\tOrdinal0 [0x004A75F0+947696]\n\tOrdinal0 [0x004A84E6+951526]\n\tGetHandleVerifier [0x00882A12+2733954]\n\tGetHandleVerifier [0x00874E28+2677656]\n\tGetHandleVerifier [0x006646EA+513114]\n\tGetHandleVerifier [0x00663796+509190]\n\tOrdinal0 [0x00579CEB+1809643]\n\tOrdinal0 [0x0057E448+1827912]\n\tOrdinal0 [0x0057E535+1828149]\n\tOrdinal0 [0x00587960+1866080]\n\tBaseThreadInitThunk [0x755D343D+18]\n\tRtlInitializeExceptionChain [0x77619812+99]\n\tRtlInitializeExceptionChain [0x776197E5+54]",
  "statusTrace" : "self = <class 'test_case.test_002_user_add.Test_User_add'>\n\n    def setup_class(self):\n        self.driver = Driver.get_driver()\n        self.user_add = User_Add_Page_Task()\n        self.login = Login_Page_Task()\n>       self.login.login(\"admin\",\"123456\")\n\ntest_case\\test_002_user_add.py:30: \n_ _ _ _ _ _ _ _ _ _ _ _ _ _ _ _ _ _ _ _ _ _ _ _ _ _ _ _ _ _ _ _ _ _ _ _ _ _ _ _\npage_object\\LoginPage.py:39: in login\n    self.login_handle.login_input_username(username)\npage_object\\LoginPage.py:26: in login_input_username\n    self.login_page_locator.login_username().clear()\npage_object\\LoginPage.py:15: in login_username\n    return self.driver.find_element(self.username[0],self.username[1])\nC:\\Users\\Administrator\\AppData\\Local\\Programs\\Python\\Python38\\lib\\site-packages\\selenium\\webdriver\\remote\\webdriver.py:855: in find_element\n    return self.execute(Command.FIND_ELEMENT, {\nC:\\Users\\Administrator\\AppData\\Local\\Programs\\Python\\Python38\\lib\\site-packages\\selenium\\webdriver\\remote\\webdriver.py:428: in execute\n    self.error_handler.check_response(response)\n_ _ _ _ _ _ _ _ _ _ _ _ _ _ _ _ _ _ _ _ _ _ _ _ _ _ _ _ _ _ _ _ _ _ _ _ _ _ _ _\n\nself = <selenium.webdriver.remote.errorhandler.ErrorHandler object at 0x00000000037EC2B0>\nresponse = {'status': 404, 'value': '{\"value\":{\"error\":\"no such element\",\"message\":\"no such element: Unable to locate element: {\\...x755D343D+18]\\\\n\\\\tRtlInitializeExceptionChain [0x77619812+99]\\\\n\\\\tRtlInitializeExceptionChain [0x776197E5+54]\\\\n\"}}'}\n\n    def check_response(self, response: Dict[str, Any]) -> None:\n        \"\"\"\n        Checks that a JSON response from the WebDriver does not have an error.\n    \n        :Args:\n         - response - The JSON response from the WebDriver server as a dictionary\n           object.\n    \n        :Raises: If the response contains an error message.\n        \"\"\"\n        status = response.get('status', None)\n        if not status or status == ErrorCode.SUCCESS:\n            return\n        value = None\n        message = response.get(\"message\", \"\")\n        screen: str = response.get(\"screen\", \"\")\n        stacktrace = None\n        if isinstance(status, int):\n            value_json = response.get('value', None)\n            if value_json and isinstance(value_json, str):\n                import json\n                try:\n                    value = json.loads(value_json)\n                    if len(value.keys()) == 1:\n                        value = value['value']\n                    status = value.get('error', None)\n                    if not status:\n                        status = value.get(\"status\", ErrorCode.UNKNOWN_ERROR)\n                        message = value.get(\"value\") or value.get(\"message\")\n                        if not isinstance(message, str):\n                            value = message\n                            message = message.get('message')\n                    else:\n                        message = value.get('message', None)\n                except ValueError:\n                    pass\n    \n        exception_class: Type[WebDriverException]\n        if status in ErrorCode.NO_SUCH_ELEMENT:\n            exception_class = NoSuchElementException\n        elif status in ErrorCode.NO_SUCH_FRAME:\n            exception_class = NoSuchFrameException\n        elif status in ErrorCode.NO_SUCH_SHADOW_ROOT:\n            exception_class = NoSuchShadowRootException\n        elif status in ErrorCode.NO_SUCH_WINDOW:\n            exception_class = NoSuchWindowException\n        elif status in ErrorCode.STALE_ELEMENT_REFERENCE:\n            exception_class = StaleElementReferenceException\n        elif status in ErrorCode.ELEMENT_NOT_VISIBLE:\n            exception_class = ElementNotVisibleException\n        elif status in ErrorCode.INVALID_ELEMENT_STATE:\n            exception_class = InvalidElementStateException\n        elif status in ErrorCode.INVALID_SELECTOR \\\n                or status in ErrorCode.INVALID_XPATH_SELECTOR \\\n                or status in ErrorCode.INVALID_XPATH_SELECTOR_RETURN_TYPER:\n            exception_class = InvalidSelectorException\n        elif status in ErrorCode.ELEMENT_IS_NOT_SELECTABLE:\n            exception_class = ElementNotSelectableException\n        elif status in ErrorCode.ELEMENT_NOT_INTERACTABLE:\n            exception_class = ElementNotInteractableException\n        elif status in ErrorCode.INVALID_COOKIE_DOMAIN:\n            exception_class = InvalidCookieDomainException\n        elif status in ErrorCode.UNABLE_TO_SET_COOKIE:\n            exception_class = UnableToSetCookieException\n        elif status in ErrorCode.TIMEOUT:\n            exception_class = TimeoutException\n        elif status in ErrorCode.SCRIPT_TIMEOUT:\n            exception_class = TimeoutException\n        elif status in ErrorCode.UNKNOWN_ERROR:\n            exception_class = WebDriverException\n        elif status in ErrorCode.UNEXPECTED_ALERT_OPEN:\n            exception_class = UnexpectedAlertPresentException\n        elif status in ErrorCode.NO_ALERT_OPEN:\n            exception_class = NoAlertPresentException\n        elif status in ErrorCode.IME_NOT_AVAILABLE:\n            exception_class = ImeNotAvailableException\n        elif status in ErrorCode.IME_ENGINE_ACTIVATION_FAILED:\n            exception_class = ImeActivationFailedException\n        elif status in ErrorCode.MOVE_TARGET_OUT_OF_BOUNDS:\n            exception_class = MoveTargetOutOfBoundsException\n        elif status in ErrorCode.JAVASCRIPT_ERROR:\n            exception_class = JavascriptException\n        elif status in ErrorCode.SESSION_NOT_CREATED:\n            exception_class = SessionNotCreatedException\n        elif status in ErrorCode.INVALID_ARGUMENT:\n            exception_class = InvalidArgumentException\n        elif status in ErrorCode.NO_SUCH_COOKIE:\n            exception_class = NoSuchCookieException\n        elif status in ErrorCode.UNABLE_TO_CAPTURE_SCREEN:\n            exception_class = ScreenshotException\n        elif status in ErrorCode.ELEMENT_CLICK_INTERCEPTED:\n            exception_class = ElementClickInterceptedException\n        elif status in ErrorCode.INSECURE_CERTIFICATE:\n            exception_class = InsecureCertificateException\n        elif status in ErrorCode.INVALID_COORDINATES:\n            exception_class = InvalidCoordinatesException\n        elif status in ErrorCode.INVALID_SESSION_ID:\n            exception_class = InvalidSessionIdException\n        elif status in ErrorCode.UNKNOWN_METHOD:\n            exception_class = UnknownMethodException\n        else:\n            exception_class = WebDriverException\n        if not value:\n            value = response['value']\n        if isinstance(value, str):\n            raise exception_class(value)\n        if message == \"\" and 'message' in value:\n            message = value['message']\n    \n        screen = None  # type: ignore[assignment]\n        if 'screen' in value:\n            screen = value['screen']\n    \n        stacktrace = None\n        st_value = value.get('stackTrace') or value.get('stacktrace')\n        if st_value:\n            if isinstance(st_value, str):\n                stacktrace = st_value.split('\\n')\n            else:\n                stacktrace = []\n                try:\n                    for frame in st_value:\n                        line = frame.get(\"lineNumber\", \"\")\n                        file = frame.get(\"fileName\", \"<anonymous>\")\n                        if line:\n                            file = f\"{file}:{line}\"\n                        meth = frame.get('methodName', '<anonymous>')\n                        if 'className' in frame:\n                            meth = \"{}.{}\".format(frame['className'], meth)\n                        msg = \"    at %s (%s)\"\n                        msg = msg % (meth, file)\n                        stacktrace.append(msg)\n                except TypeError:\n                    pass\n        if exception_class == UnexpectedAlertPresentException:\n            alert_text = None\n            if 'data' in value:\n                alert_text = value['data'].get('text')\n            elif 'alert' in value:\n                alert_text = value['alert'].get('text')\n            raise exception_class(message, screen, stacktrace, alert_text)  # type: ignore[call-arg]  # mypy is not smart enough here\n>       raise exception_class(message, screen, stacktrace)\nE       selenium.common.exceptions.NoSuchElementException: Message: no such element: Unable to locate element: {\"method\":\"xpath\",\"selector\":\"//input[@placeholder=\"请输入用户名\"]\"}\nE         (Session info: chrome=105.0.5195.102)\nE       Stacktrace:\nE       Backtrace:\nE       \tOrdinal0 [0x005DAF23+2207523]\nE       \tOrdinal0 [0x005730E1+1781985]\nE       \tOrdinal0 [0x00483FE8+802792]\nE       \tOrdinal0 [0x004B2290+991888]\nE       \tOrdinal0 [0x004B252B+992555]\nE       \tOrdinal0 [0x004DF6E2+1177314]\nE       \tOrdinal0 [0x004CD634+1103412]\nE       \tOrdinal0 [0x004DD9F2+1169906]\nE       \tOrdinal0 [0x004CD406+1102854]\nE       \tOrdinal0 [0x004A75F0+947696]\nE       \tOrdinal0 [0x004A84E6+951526]\nE       \tGetHandleVerifier [0x00882A12+2733954]\nE       \tGetHandleVerifier [0x00874E28+2677656]\nE       \tGetHandleVerifier [0x006646EA+513114]\nE       \tGetHandleVerifier [0x00663796+509190]\nE       \tOrdinal0 [0x00579CEB+1809643]\nE       \tOrdinal0 [0x0057E448+1827912]\nE       \tOrdinal0 [0x0057E535+1828149]\nE       \tOrdinal0 [0x00587960+1866080]\nE       \tBaseThreadInitThunk [0x755D343D+18]\nE       \tRtlInitializeExceptionChain [0x77619812+99]\nE       \tRtlInitializeExceptionChain [0x776197E5+54]\n\nC:\\Users\\Administrator\\AppData\\Local\\Programs\\Python\\Python38\\lib\\site-packages\\selenium\\webdriver\\remote\\errorhandler.py:243: NoSuchElementException",
  "flaky" : false,
  "newFailed" : false,
  "newBroken" : false,
  "newPassed" : false,
  "retriesCount" : 0,
  "retriesStatusChange" : false,
  "beforeStages" : [ {
    "name" : "_xunit_setup_class_fixture_Test_User_add",
    "time" : {
      "start" : 1663213543414,
      "stop" : 1663213553463,
      "duration" : 10049
    },
    "status" : "broken",
    "statusMessage" : "selenium.common.exceptions.NoSuchElementException: Message: no such element: Unable to locate element: {\"method\":\"xpath\",\"selector\":\"//input[@placeholder=\"请输入用户名\"]\"}\n  (Session info: chrome=105.0.5195.102)\nStacktrace:\nBacktrace:\n\tOrdinal0 [0x005DAF23+2207523]\n\tOrdinal0 [0x005730E1+1781985]\n\tOrdinal0 [0x00483FE8+802792]\n\tOrdinal0 [0x004B2290+991888]\n\tOrdinal0 [0x004B252B+992555]\n\tOrdinal0 [0x004DF6E2+1177314]\n\tOrdinal0 [0x004CD634+1103412]\n\tOrdinal0 [0x004DD9F2+1169906]\n\tOrdinal0 [0x004CD406+1102854]\n\tOrdinal0 [0x004A75F0+947696]\n\tOrdinal0 [0x004A84E6+951526]\n\tGetHandleVerifier [0x00882A12+2733954]\n\tGetHandleVerifier [0x00874E28+2677656]\n\tGetHandleVerifier [0x006646EA+513114]\n\tGetHandleVerifier [0x00663796+509190]\n\tOrdinal0 [0x00579CEB+1809643]\n\tOrdinal0 [0x0057E448+1827912]\n\tOrdinal0 [0x0057E535+1828149]\n\tOrdinal0 [0x00587960+1866080]\n\tBaseThreadInitThunk [0x755D343D+18]\n\tRtlInitializeExceptionChain [0x77619812+99]\n\tRtlInitializeExceptionChain [0x776197E5+54]\n\n",
    "statusTrace" : "  File \"C:\\Users\\Administrator\\AppData\\Local\\Programs\\Python\\Python38\\lib\\site-packages\\pluggy\\_callers.py\", line 39, in _multicall\n    res = hook_impl.function(*args)\n  File \"C:\\Users\\Administrator\\AppData\\Local\\Programs\\Python\\Python38\\lib\\site-packages\\_pytest\\fixtures.py\", line 1111, in pytest_fixture_setup\n    result = call_fixture_func(fixturefunc, request, kwargs)\n  File \"C:\\Users\\Administrator\\AppData\\Local\\Programs\\Python\\Python38\\lib\\site-packages\\_pytest\\fixtures.py\", line 883, in call_fixture_func\n    fixture_result = next(generator)\n  File \"C:\\Users\\Administrator\\AppData\\Local\\Programs\\Python\\Python38\\lib\\site-packages\\_pytest\\python.py\", line 854, in xunit_setup_class_fixture\n    _call_with_optional_argument(func, self.obj)\n  File \"C:\\Users\\Administrator\\AppData\\Local\\Programs\\Python\\Python38\\lib\\site-packages\\_pytest\\python.py\", line 776, in _call_with_optional_argument\n    func(arg)\n  File \"F:\\Auto_Webtest\\test_case\\test_002_user_add.py\", line 30, in setup_class\n    self.login.login(\"admin\",\"123456\")\n  File \"F:\\Auto_Webtest\\page_object\\LoginPage.py\", line 39, in login\n    self.login_handle.login_input_username(username)\n  File \"F:\\Auto_Webtest\\page_object\\LoginPage.py\", line 26, in login_input_username\n    self.login_page_locator.login_username().clear()\n  File \"F:\\Auto_Webtest\\page_object\\LoginPage.py\", line 15, in login_username\n    return self.driver.find_element(self.username[0],self.username[1])\n  File \"C:\\Users\\Administrator\\AppData\\Local\\Programs\\Python\\Python38\\lib\\site-packages\\selenium\\webdriver\\remote\\webdriver.py\", line 855, in find_element\n    return self.execute(Command.FIND_ELEMENT, {\n  File \"C:\\Users\\Administrator\\AppData\\Local\\Programs\\Python\\Python38\\lib\\site-packages\\selenium\\webdriver\\remote\\webdriver.py\", line 428, in execute\n    self.error_handler.check_response(response)\n  File \"C:\\Users\\Administrator\\AppData\\Local\\Programs\\Python\\Python38\\lib\\site-packages\\selenium\\webdriver\\remote\\errorhandler.py\", line 243, in check_response\n    raise exception_class(message, screen, stacktrace)\n",
    "steps" : [ ],
    "attachments" : [ ],
    "parameters" : [ ],
    "stepsCount" : 0,
    "hasContent" : true,
    "attachmentsCount" : 0,
    "shouldDisplayMessage" : true
  } ],
  "afterStages" : [ ],
  "labels" : [ {
    "name" : "severity",
    "value" : "normal"
  }, {
    "name" : "suite",
    "value" : "用户列表添加用户测试用例"
  }, {
    "name" : "story",
    "value" : "正常添加用户"
  }, {
    "name" : "parentSuite",
    "value" : "test_case"
  }, {
    "name" : "subSuite",
    "value" : "Test_User_add"
  }, {
    "name" : "host",
    "value" : "PC-201903070025"
  }, {
    "name" : "thread",
    "value" : "4384-MainThread"
  }, {
    "name" : "framework",
    "value" : "pytest"
  }, {
    "name" : "language",
    "value" : "cpython3"
  }, {
    "name" : "package",
    "value" : "test_case.test_002_user_add"
  }, {
    "name" : "resultFormat",
    "value" : "allure2"
  } ],
  "parameters" : [ ],
  "links" : [ ],
  "hidden" : true,
  "retry" : true,
  "extra" : {
    "categories" : [ ],
    "tags" : [ ]
  },
  "source" : "3ffb4989370f6883.json",
  "parameterValues" : [ ]
}