{
  "uid" : "ae0911fd338cc62c",
  "name" : "test_user_add",
  "fullName" : "test_case.test_002_user_add.Test_User_add#test_user_add",
  "historyId" : "84039d43224d4034e83312c8ca354a99",
  "time" : {
    "start" : 1663636578106,
    "stop" : 1663636593399,
    "duration" : 15293
  },
  "description" : "正常添加用户",
  "descriptionHtml" : "<p>正常添加用户</p>\n",
  "status" : "failed",
  "statusMessage" : "AssertionError: assert '添加用户成功' == <selenium.webdriver.remote.webelement.WebElement (session=\"69748fe9d2ddd33955bd7dacae561f74\", element=\"fb3b6d75-c3ce-468d-b062-615a48c6e24c\")>",
  "statusTrace" : "self = <test_case.test_002_user_add.Test_User_add object at 0x00000000039D7EB0>\n\n    @allure.story(\"正常添加用户\")\n    @allure.severity(allure.severity_level.NORMAL)\n    def test_user_add(self):\n        \"\"\"正常添加用户\"\"\"\n        Logger().info(\"user add success\")\n        try:\n            self.user_add.user_add(username, password, email)\n        except NoSuchElementException:\n            Logger().error(\"user_add no find element\")\n        text = User_Add_Page_Locator().user_add_succee()\n>       assert \"添加用户成功\" == text\nE       assert '添加用户成功' == <selenium.webdriver.remote.webelement.WebElement (session=\"69748fe9d2ddd33955bd7dacae561f74\", element=\"fb3b6d75-c3ce-468d-b062-615a48c6e24c\")>\n\ntest_case\\test_002_user_add.py:42: AssertionError",
  "flaky" : false,
  "newFailed" : false,
  "newBroken" : false,
  "newPassed" : false,
  "retriesCount" : 0,
  "retriesStatusChange" : false,
  "beforeStages" : [ {
    "name" : "start_driver",
    "time" : {
      "start" : 1663636561468,
      "stop" : 1663636567929,
      "duration" : 6461
    },
    "status" : "passed",
    "steps" : [ ],
    "attachments" : [ ],
    "parameters" : [ ],
    "stepsCount" : 0,
    "hasContent" : false,
    "attachmentsCount" : 0,
    "shouldDisplayMessage" : false
  }, {
    "name" : "_xunit_setup_class_fixture_Test_User_add",
    "time" : {
      "start" : 1663636578106,
      "stop" : 1663636578106,
      "duration" : 0
    },
    "status" : "passed",
    "steps" : [ ],
    "attachments" : [ ],
    "parameters" : [ ],
    "stepsCount" : 0,
    "hasContent" : false,
    "attachmentsCount" : 0,
    "shouldDisplayMessage" : false
  } ],
  "testStage" : {
    "description" : "正常添加用户",
    "status" : "failed",
    "statusMessage" : "AssertionError: assert '添加用户成功' == <selenium.webdriver.remote.webelement.WebElement (session=\"69748fe9d2ddd33955bd7dacae561f74\", element=\"fb3b6d75-c3ce-468d-b062-615a48c6e24c\")>",
    "statusTrace" : "self = <test_case.test_002_user_add.Test_User_add object at 0x00000000039D7EB0>\n\n    @allure.story(\"正常添加用户\")\n    @allure.severity(allure.severity_level.NORMAL)\n    def test_user_add(self):\n        \"\"\"正常添加用户\"\"\"\n        Logger().info(\"user add success\")\n        try:\n            self.user_add.user_add(username, password, email)\n        except NoSuchElementException:\n            Logger().error(\"user_add no find element\")\n        text = User_Add_Page_Locator().user_add_succee()\n>       assert \"添加用户成功\" == text\nE       assert '添加用户成功' == <selenium.webdriver.remote.webelement.WebElement (session=\"69748fe9d2ddd33955bd7dacae561f74\", element=\"fb3b6d75-c3ce-468d-b062-615a48c6e24c\")>\n\ntest_case\\test_002_user_add.py:42: AssertionError",
    "steps" : [ ],
    "attachments" : [ {
      "uid" : "945ef368ea245fb9",
      "name" : "log",
      "source" : "945ef368ea245fb9.txt",
      "type" : "text/plain",
      "size" : 69
    } ],
    "parameters" : [ ],
    "stepsCount" : 0,
    "hasContent" : true,
    "attachmentsCount" : 1,
    "shouldDisplayMessage" : true
  },
  "afterStages" : [ {
    "name" : "_xunit_setup_class_fixture_Test_User_add::0",
    "time" : {
      "start" : 1663636594999,
      "stop" : 1663636595159,
      "duration" : 160
    },
    "status" : "passed",
    "steps" : [ ],
    "attachments" : [ ],
    "parameters" : [ ],
    "stepsCount" : 0,
    "hasContent" : false,
    "attachmentsCount" : 0,
    "shouldDisplayMessage" : false
  }, {
    "name" : "start_driver::0",
    "time" : {
      "start" : 1663636595160,
      "stop" : 1663636597603,
      "duration" : 2443
    },
    "status" : "passed",
    "steps" : [ ],
    "attachments" : [ ],
    "parameters" : [ ],
    "stepsCount" : 0,
    "hasContent" : false,
    "attachmentsCount" : 0,
    "shouldDisplayMessage" : false
  } ],
  "labels" : [ {
    "name" : "suite",
    "value" : "用户列表添加用户测试用例"
  }, {
    "name" : "severity",
    "value" : "normal"
  }, {
    "name" : "story",
    "value" : "正常添加用户"
  }, {
    "name" : "parentSuite",
    "value" : "test_case"
  }, {
    "name" : "subSuite",
    "value" : "Test_User_add"
  }, {
    "name" : "host",
    "value" : "PC-201903070025"
  }, {
    "name" : "thread",
    "value" : "5692-MainThread"
  }, {
    "name" : "framework",
    "value" : "pytest"
  }, {
    "name" : "language",
    "value" : "cpython3"
  }, {
    "name" : "package",
    "value" : "test_case.test_002_user_add"
  }, {
    "name" : "resultFormat",
    "value" : "allure2"
  } ],
  "parameters" : [ ],
  "links" : [ ],
  "hidden" : true,
  "retry" : true,
  "extra" : {
    "categories" : [ ],
    "tags" : [ ]
  },
  "source" : "ae0911fd338cc62c.json",
  "parameterValues" : [ ]
}