{
  "uid" : "d68e7683e759ced7",
  "name" : "test_user_add",
  "fullName" : "test_case.test_002_user_add.Test_User_add#test_user_add",
  "historyId" : "84039d43224d4034e83312c8ca354a99",
  "time" : {
    "start" : 1663637659624,
    "stop" : 1663637674851,
    "duration" : 15227
  },
  "description" : "正常添加用户",
  "descriptionHtml" : "<p>正常添加用户</p>\n",
  "status" : "failed",
  "statusMessage" : "AssertionError: assert '添加用户成功' == <selenium.webdriver.remote.webelement.WebElement (session=\"e90251e63e7f97867f963a012a225489\", element=\"a3ebe7a9-ad58-4af1-bbce-74a6935c16be\")>",
  "statusTrace" : "self = <test_case.test_002_user_add.Test_User_add object at 0x0000000003B47F10>\n\n    @allure.story(\"正常添加用户\")\n    @allure.severity(allure.severity_level.NORMAL)\n    def test_user_add(self):\n        \"\"\"正常添加用户\"\"\"\n        Logger().info(\"user add success\")\n        try:\n            self.user_add.user_add(username, password, email)\n        except NoSuchElementException:\n            Logger().error(\"user_add no find element\")\n        text = User_Add_Page_Locator().user_add_succee()\n        print(text)\n>       assert \"添加用户成功\" == text\nE       assert '添加用户成功' == <selenium.webdriver.remote.webelement.WebElement (session=\"e90251e63e7f97867f963a012a225489\", element=\"a3ebe7a9-ad58-4af1-bbce-74a6935c16be\")>\n\ntest_case\\test_002_user_add.py:43: AssertionError",
  "flaky" : false,
  "newFailed" : false,
  "newBroken" : false,
  "newPassed" : false,
  "retriesCount" : 0,
  "retriesStatusChange" : false,
  "beforeStages" : [ {
    "name" : "start_driver",
    "time" : {
      "start" : 1663637642969,
      "stop" : 1663637649410,
      "duration" : 6441
    },
    "status" : "passed",
    "steps" : [ ],
    "attachments" : [ ],
    "parameters" : [ ],
    "stepsCount" : 0,
    "hasContent" : false,
    "attachmentsCount" : 0,
    "shouldDisplayMessage" : false
  }, {
    "name" : "_xunit_setup_class_fixture_Test_User_add",
    "time" : {
      "start" : 1663637659623,
      "stop" : 1663637659623,
      "duration" : 0
    },
    "status" : "passed",
    "steps" : [ ],
    "attachments" : [ ],
    "parameters" : [ ],
    "stepsCount" : 0,
    "hasContent" : false,
    "attachmentsCount" : 0,
    "shouldDisplayMessage" : false
  } ],
  "testStage" : {
    "description" : "正常添加用户",
    "status" : "failed",
    "statusMessage" : "AssertionError: assert '添加用户成功' == <selenium.webdriver.remote.webelement.WebElement (session=\"e90251e63e7f97867f963a012a225489\", element=\"a3ebe7a9-ad58-4af1-bbce-74a6935c16be\")>",
    "statusTrace" : "self = <test_case.test_002_user_add.Test_User_add object at 0x0000000003B47F10>\n\n    @allure.story(\"正常添加用户\")\n    @allure.severity(allure.severity_level.NORMAL)\n    def test_user_add(self):\n        \"\"\"正常添加用户\"\"\"\n        Logger().info(\"user add success\")\n        try:\n            self.user_add.user_add(username, password, email)\n        except NoSuchElementException:\n            Logger().error(\"user_add no find element\")\n        text = User_Add_Page_Locator().user_add_succee()\n        print(text)\n>       assert \"添加用户成功\" == text\nE       assert '添加用户成功' == <selenium.webdriver.remote.webelement.WebElement (session=\"e90251e63e7f97867f963a012a225489\", element=\"a3ebe7a9-ad58-4af1-bbce-74a6935c16be\")>\n\ntest_case\\test_002_user_add.py:43: AssertionError",
    "steps" : [ ],
    "attachments" : [ {
      "uid" : "d2c3ed0ddb28fa35",
      "name" : "log",
      "source" : "d2c3ed0ddb28fa35.txt",
      "type" : "text/plain",
      "size" : 69
    } ],
    "parameters" : [ ],
    "stepsCount" : 0,
    "hasContent" : true,
    "attachmentsCount" : 1,
    "shouldDisplayMessage" : true
  },
  "afterStages" : [ {
    "name" : "_xunit_setup_class_fixture_Test_User_add::0",
    "time" : {
      "start" : 1663637676441,
      "stop" : 1663637676606,
      "duration" : 165
    },
    "status" : "passed",
    "steps" : [ ],
    "attachments" : [ ],
    "parameters" : [ ],
    "stepsCount" : 0,
    "hasContent" : false,
    "attachmentsCount" : 0,
    "shouldDisplayMessage" : false
  }, {
    "name" : "start_driver::0",
    "time" : {
      "start" : 1663637676608,
      "stop" : 1663637678884,
      "duration" : 2276
    },
    "status" : "passed",
    "steps" : [ ],
    "attachments" : [ ],
    "parameters" : [ ],
    "stepsCount" : 0,
    "hasContent" : false,
    "attachmentsCount" : 0,
    "shouldDisplayMessage" : false
  } ],
  "labels" : [ {
    "name" : "story",
    "value" : "正常添加用户"
  }, {
    "name" : "suite",
    "value" : "用户列表添加用户测试用例"
  }, {
    "name" : "severity",
    "value" : "normal"
  }, {
    "name" : "parentSuite",
    "value" : "test_case"
  }, {
    "name" : "subSuite",
    "value" : "Test_User_add"
  }, {
    "name" : "host",
    "value" : "PC-201903070025"
  }, {
    "name" : "thread",
    "value" : "4880-MainThread"
  }, {
    "name" : "framework",
    "value" : "pytest"
  }, {
    "name" : "language",
    "value" : "cpython3"
  }, {
    "name" : "package",
    "value" : "test_case.test_002_user_add"
  }, {
    "name" : "resultFormat",
    "value" : "allure2"
  } ],
  "parameters" : [ ],
  "links" : [ ],
  "hidden" : true,
  "retry" : true,
  "extra" : {
    "categories" : [ ],
    "tags" : [ ]
  },
  "source" : "d68e7683e759ced7.json",
  "parameterValues" : [ ]
}